<?xml version="1.0" encoding="utf-8"?><testsuites name="pytest tests"><testsuite name="pytest" errors="0" failures="1" skipped="0" tests="14" time="2.013" timestamp="2026-02-24T23:48:06.280577+00:00" hostname="agent-env-ee198cb2-604e-4bf7-9307-43bba4c88dfc"><testcase classname="tests.test_scraper_api.TestScraperStatus" name="test_scraper_status_returns_200" time="0.203" /><testcase classname="tests.test_scraper_api.TestScrapedPrices" name="test_get_scraped_prices" time="0.115" /><testcase classname="tests.test_scraper_api.TestScrapedPrices" name="test_get_scraped_prices_with_filter" time="0.155" /><testcase classname="tests.test_scraper_api.TestScrapedPrices" name="test_get_best_price_existing_medida" time="0.110" /><testcase classname="tests.test_scraper_api.TestScrapedPrices" name="test_get_best_price_nonexistent_medida" time="0.128" /><testcase classname="tests.test_scraper_api.TestEnqueueScrape" name="test_enqueue_scrape_job" time="0.200" /><testcase classname="tests.test_scraper_api.TestEnqueueScrape" name="test_enqueue_scrape_job_with_meta" time="0.119" /><testcase classname="tests.test_scraper_api.TestEnqueueScrape" name="test_enqueue_scrape_missing_supplier_id" time="0.124" /><testcase classname="tests.test_scraper_api.TestEnqueueScrape" name="test_get_scrape_jobs" time="0.134" /><testcase classname="tests.test_scraper_api.TestEnqueueScrape" name="test_get_scrape_jobs_filtered_by_status" time="0.114" /><testcase classname="tests.test_scraper_api.TestSuppliers" name="test_get_suppliers" time="0.111" /><testcase classname="tests.test_scraper_api.TestManualScraper" name="test_scraper_run_endpoint_exists" time="0.122" /><testcase classname="tests.test_scraper_api.TestJobs" name="test_get_jobs" time="0.125"><failure message="assert 500 == 200&#10; +  where 500 = &lt;Response [500]&gt;.status_code">tests/test_scraper_api.py:211: in test_get_jobs
    assert response.status_code == 200
E   assert 500 == 200
E    +  where 500 = &lt;Response [500]&gt;.status_code</failure></testcase><testcase classname="tests.test_scraper_api.TestStats" name="test_get_stats" time="0.118" /></testsuite></testsuites>